nohup: ignoring input
> Task :compileJava UP-TO-DATE
> Task :processResources UP-TO-DATE
> Task :classes UP-TO-DATE
> Task :resolveMainClassName UP-TO-DATE

> Task :bootRun

  .   ____          _            __ _ _
 /\\ / ___'_ __ _ _(_)_ __  __ _ \ \ \ \
( ( )\___ | '_ | '_| | '_ \/ _` | \ \ \ \
 \\/  ___)| |_)| | | | | || (_| |  ) ) ) )
  '  |____| .__|_| |_|_| |_\__, | / / / /
 =========|_|==============|___/=/_/_/_/

 :: Spring Boot ::                (v3.5.7)

2025-11-10T12:09:30.107+05:30  INFO 2530856 --- [auth-service] [           main] com.auth.layer.AuthServiceApplication    : Starting AuthServiceApplication using Java 21.0.8 with PID 2530856 (/home/auroshish.meher/git/rag-memories/auth-service/build/classes/java/main started by auroshish.meher in /home/auroshish.meher/git/rag-memories/auth-service)
2025-11-10T12:09:30.108+05:30 DEBUG 2530856 --- [auth-service] [           main] com.auth.layer.AuthServiceApplication    : Running with Spring Boot v3.5.7, Spring v6.2.12
2025-11-10T12:09:30.109+05:30  INFO 2530856 --- [auth-service] [           main] com.auth.layer.AuthServiceApplication    : No active profile set, falling back to 1 default profile: "default"
2025-11-10T12:09:30.726+05:30  INFO 2530856 --- [auth-service] [           main] .s.d.r.c.RepositoryConfigurationDelegate : Bootstrapping Spring Data JPA repositories in DEFAULT mode.
2025-11-10T12:09:30.760+05:30  INFO 2530856 --- [auth-service] [           main] .s.d.r.c.RepositoryConfigurationDelegate : Finished Spring Data repository scanning in 29 ms. Found 2 JPA repository interfaces.
2025-11-10T12:09:31.090+05:30  INFO 2530856 --- [auth-service] [           main] o.s.b.w.embedded.tomcat.TomcatWebServer  : Tomcat initialized with port 8081 (http)
2025-11-10T12:09:31.100+05:30  INFO 2530856 --- [auth-service] [           main] o.apache.catalina.core.StandardService   : Starting service [Tomcat]
2025-11-10T12:09:31.100+05:30  INFO 2530856 --- [auth-service] [           main] o.apache.catalina.core.StandardEngine    : Starting Servlet engine: [Apache Tomcat/10.1.48]
2025-11-10T12:09:31.137+05:30  INFO 2530856 --- [auth-service] [           main] o.a.c.c.C.[Tomcat].[localhost].[/]       : Initializing Spring embedded WebApplicationContext
2025-11-10T12:09:31.137+05:30  INFO 2530856 --- [auth-service] [           main] w.s.c.ServletWebServerApplicationContext : Root WebApplicationContext: initialization completed in 1002 ms
2025-11-10T12:09:31.350+05:30  INFO 2530856 --- [auth-service] [           main] com.zaxxer.hikari.HikariDataSource       : HikariPool-Auth - Starting...
2025-11-10T12:09:31.442+05:30  INFO 2530856 --- [auth-service] [           main] com.zaxxer.hikari.pool.HikariPool        : HikariPool-Auth - Added connection org.postgresql.jdbc.PgConnection@1182d1df
2025-11-10T12:09:31.443+05:30  INFO 2530856 --- [auth-service] [           main] com.zaxxer.hikari.HikariDataSource       : HikariPool-Auth - Start completed.
2025-11-10T12:09:31.461+05:30  INFO 2530856 --- [auth-service] [           main] org.flywaydb.core.FlywayExecutor         : Database: jdbc:postgresql://localhost:5432/authdb (PostgreSQL 14.8)
2025-11-10T12:09:31.487+05:30  INFO 2530856 --- [auth-service] [           main] o.f.core.internal.command.DbValidate     : Successfully validated 1 migration (execution time 00:00.015s)
2025-11-10T12:09:31.553+05:30  INFO 2530856 --- [auth-service] [           main] o.f.core.internal.command.DbMigrate      : Current version of schema "public": 1
2025-11-10T12:09:31.555+05:30  INFO 2530856 --- [auth-service] [           main] o.f.core.internal.command.DbMigrate      : Schema "public" is up to date. No migration necessary.
2025-11-10T12:09:31.620+05:30  INFO 2530856 --- [auth-service] [           main] o.hibernate.jpa.internal.util.LogHelper  : HHH000204: Processing PersistenceUnitInfo [name: default]
2025-11-10T12:09:31.646+05:30  INFO 2530856 --- [auth-service] [           main] org.hibernate.Version                    : HHH000412: Hibernate ORM core version 6.6.33.Final
2025-11-10T12:09:31.664+05:30  INFO 2530856 --- [auth-service] [           main] o.h.c.internal.RegionFactoryInitiator    : HHH000026: Second-level cache disabled
2025-11-10T12:09:31.815+05:30  INFO 2530856 --- [auth-service] [           main] o.s.o.j.p.SpringPersistenceUnitInfo      : No LoadTimeWeaver setup: ignoring JPA class transformer
2025-11-10T12:09:31.862+05:30  INFO 2530856 --- [auth-service] [           main] org.hibernate.orm.connections.pooling    : HHH10001005: Database info:
	Database JDBC URL [Connecting through datasource 'HikariDataSource (HikariPool-Auth)']
	Database driver: undefined/unknown
	Database version: 14.8
	Autocommit mode: undefined/unknown
	Isolation level: undefined/unknown
	Minimum pool size: undefined/unknown
	Maximum pool size: undefined/unknown
2025-11-10T12:09:32.398+05:30  INFO 2530856 --- [auth-service] [           main] o.h.e.t.j.p.i.JtaPlatformInitiator       : HHH000489: No JTA platform available (set 'hibernate.transaction.jta.platform' to enable JTA platform integration)
2025-11-10T12:09:32.437+05:30  INFO 2530856 --- [auth-service] [           main] j.LocalContainerEntityManagerFactoryBean : Initialized JPA EntityManagerFactory for persistence unit 'default'
✅ JwtAuthFilter bean initialized successfully!
2025-11-10T12:09:32.617+05:30 DEBUG 2530856 --- [auth-service] [           main] com.auth.layer.security.JwtAuthFilter    : Filter 'jwtAuthFilter' configured for use
2025-11-10T12:09:32.670+05:30 DEBUG 2530856 --- [auth-service] [           main] swordEncoderAuthenticationManagerBuilder : No authenticationProviders and no parentAuthenticationManager defined. Returning null.
2025-11-10T12:09:32.727+05:30  WARN 2530856 --- [auth-service] [           main] JpaBaseConfiguration$JpaWebConfiguration : spring.jpa.open-in-view is enabled by default. Therefore, database queries may be performed during view rendering. Explicitly configure spring.jpa.open-in-view to disable this warning
✅ Building SecurityFilterChain...
2025-11-10T12:09:32.940+05:30  INFO 2530856 --- [auth-service] [           main] o.s.b.a.e.web.EndpointLinksResolver      : Exposing 1 endpoint beneath base path '/actuator'
2025-11-10T12:09:32.973+05:30 DEBUG 2530856 --- [auth-service] [           main] o.s.s.web.DefaultSecurityFilterChain     : Will secure any request with filters: DisableEncodeUrlFilter, WebAsyncManagerIntegrationFilter, SecurityContextHolderFilter, HeaderWriterFilter, LogoutFilter, JwtAuthFilter, RequestCacheAwareFilter, SecurityContextHolderAwareRequestFilter, AnonymousAuthenticationFilter, SessionManagementFilter, ExceptionTranslationFilter, AuthorizationFilter
2025-11-10T12:09:32.987+05:30  INFO 2530856 --- [auth-service] [           main] o.s.v.b.OptionalValidatorFactoryBean     : Failed to set up a Bean Validation provider: jakarta.validation.NoProviderFoundException: Unable to create a Configuration, because no Jakarta Bean Validation provider could be found. Add a provider like Hibernate Validator (RI) to your classpath.
2025-11-10T12:09:33.214+05:30  INFO 2530856 --- [auth-service] [           main] o.s.b.w.embedded.tomcat.TomcatWebServer  : Tomcat started on port 8081 (http) with context path '/'
2025-11-10T12:09:33.224+05:30  INFO 2530856 --- [auth-service] [           main] com.auth.layer.AuthServiceApplication    : Started AuthServiceApplication in 3.398 seconds (process running for 3.598)

 MIRACLE MIRACLE!! Application Started Running .............. 
2025-11-10T12:09:44.635+05:30  INFO 2530856 --- [auth-service] [nio-8081-exec-1] o.a.c.c.C.[Tomcat].[localhost].[/]       : Initializing Spring DispatcherServlet 'dispatcherServlet'
2025-11-10T12:09:44.635+05:30  INFO 2530856 --- [auth-service] [nio-8081-exec-1] o.s.web.servlet.DispatcherServlet        : Initializing Servlet 'dispatcherServlet'
2025-11-10T12:09:44.636+05:30  INFO 2530856 --- [auth-service] [nio-8081-exec-1] o.s.web.servlet.DispatcherServlet        : Completed initialization in 1 ms
2025-11-10T12:09:44.650+05:30 DEBUG 2530856 --- [auth-service] [nio-8081-exec-1] o.s.security.web.FilterChainProxy        : Securing GET /swagger-ui/index.html
2025-11-10T12:09:44.659+05:30  INFO 2530856 --- [auth-service] [nio-8081-exec-1] com.auth.layer.security.JwtAuthFilter    : 🔍 JwtAuthFilter triggered for URI:
2025-11-10T12:09:44.660+05:30 DEBUG 2530856 --- [auth-service] [nio-8081-exec-1] o.s.s.w.a.AnonymousAuthenticationFilter  : Set SecurityContextHolder to anonymous SecurityContext
2025-11-10T12:09:44.664+05:30 DEBUG 2530856 --- [auth-service] [nio-8081-exec-1] o.s.security.web.FilterChainProxy        : Secured GET /swagger-ui/index.html
2025-11-10T12:09:44.701+05:30 DEBUG 2530856 --- [auth-service] [nio-8081-exec-2] o.s.security.web.FilterChainProxy        : Securing GET /swagger-ui/swagger-ui.css
2025-11-10T12:09:44.701+05:30 DEBUG 2530856 --- [auth-service] [nio-8081-exec-3] o.s.security.web.FilterChainProxy        : Securing GET /swagger-ui/index.css
2025-11-10T12:09:44.701+05:30 DEBUG 2530856 --- [auth-service] [nio-8081-exec-5] o.s.security.web.FilterChainProxy        : Securing GET /swagger-ui/swagger-ui-standalone-preset.js
2025-11-10T12:09:44.701+05:30  INFO 2530856 --- [auth-service] [nio-8081-exec-2] com.auth.layer.security.JwtAuthFilter    : 🔍 JwtAuthFilter triggered for URI:
2025-11-10T12:09:44.701+05:30  INFO 2530856 --- [auth-service] [nio-8081-exec-3] com.auth.layer.security.JwtAuthFilter    : 🔍 JwtAuthFilter triggered for URI:
2025-11-10T12:09:44.701+05:30  INFO 2530856 --- [auth-service] [nio-8081-exec-5] com.auth.layer.security.JwtAuthFilter    : 🔍 JwtAuthFilter triggered for URI:
2025-11-10T12:09:44.701+05:30 DEBUG 2530856 --- [auth-service] [nio-8081-exec-4] o.s.security.web.FilterChainProxy        : Securing GET /swagger-ui/swagger-ui-bundle.js
2025-11-10T12:09:44.702+05:30 DEBUG 2530856 --- [auth-service] [nio-8081-exec-2] o.s.s.w.a.AnonymousAuthenticationFilter  : Set SecurityContextHolder to anonymous SecurityContext
2025-11-10T12:09:44.702+05:30 DEBUG 2530856 --- [auth-service] [nio-8081-exec-5] o.s.s.w.a.AnonymousAuthenticationFilter  : Set SecurityContextHolder to anonymous SecurityContext
2025-11-10T12:09:44.702+05:30 DEBUG 2530856 --- [auth-service] [nio-8081-exec-3] o.s.s.w.a.AnonymousAuthenticationFilter  : Set SecurityContextHolder to anonymous SecurityContext
2025-11-10T12:09:44.702+05:30 DEBUG 2530856 --- [auth-service] [nio-8081-exec-6] o.s.security.web.FilterChainProxy        : Securing GET /swagger-ui/swagger-initializer.js
2025-11-10T12:09:44.702+05:30  INFO 2530856 --- [auth-service] [nio-8081-exec-4] com.auth.layer.security.JwtAuthFilter    : 🔍 JwtAuthFilter triggered for URI:
2025-11-10T12:09:44.702+05:30 DEBUG 2530856 --- [auth-service] [nio-8081-exec-4] o.s.s.w.a.AnonymousAuthenticationFilter  : Set SecurityContextHolder to anonymous SecurityContext
2025-11-10T12:09:44.702+05:30 DEBUG 2530856 --- [auth-service] [nio-8081-exec-3] o.s.security.web.FilterChainProxy        : Secured GET /swagger-ui/index.css
2025-11-10T12:09:44.702+05:30 DEBUG 2530856 --- [auth-service] [nio-8081-exec-2] o.s.security.web.FilterChainProxy        : Secured GET /swagger-ui/swagger-ui.css
2025-11-10T12:09:44.702+05:30 DEBUG 2530856 --- [auth-service] [nio-8081-exec-5] o.s.security.web.FilterChainProxy        : Secured GET /swagger-ui/swagger-ui-standalone-preset.js
2025-11-10T12:09:44.702+05:30  INFO 2530856 --- [auth-service] [nio-8081-exec-6] com.auth.layer.security.JwtAuthFilter    : 🔍 JwtAuthFilter triggered for URI:
2025-11-10T12:09:44.702+05:30 DEBUG 2530856 --- [auth-service] [nio-8081-exec-6] o.s.s.w.a.AnonymousAuthenticationFilter  : Set SecurityContextHolder to anonymous SecurityContext
2025-11-10T12:09:44.703+05:30 DEBUG 2530856 --- [auth-service] [nio-8081-exec-4] o.s.security.web.FilterChainProxy        : Secured GET /swagger-ui/swagger-ui-bundle.js
2025-11-10T12:09:44.703+05:30 DEBUG 2530856 --- [auth-service] [nio-8081-exec-6] o.s.security.web.FilterChainProxy        : Secured GET /swagger-ui/swagger-initializer.js
2025-11-10T12:09:44.831+05:30 DEBUG 2530856 --- [auth-service] [nio-8081-exec-7] o.s.security.web.FilterChainProxy        : Securing GET /v3/api-docs/swagger-config
2025-11-10T12:09:44.832+05:30  INFO 2530856 --- [auth-service] [nio-8081-exec-7] com.auth.layer.security.JwtAuthFilter    : 🔍 JwtAuthFilter triggered for URI:
2025-11-10T12:09:44.832+05:30 DEBUG 2530856 --- [auth-service] [nio-8081-exec-7] o.s.s.w.a.AnonymousAuthenticationFilter  : Set SecurityContextHolder to anonymous SecurityContext
2025-11-10T12:09:44.833+05:30 DEBUG 2530856 --- [auth-service] [nio-8081-exec-7] o.s.security.web.FilterChainProxy        : Secured GET /v3/api-docs/swagger-config
2025-11-10T12:09:44.836+05:30 DEBUG 2530856 --- [auth-service] [nio-8081-exec-8] o.s.security.web.FilterChainProxy        : Securing GET /swagger-ui/favicon-32x32.png
2025-11-10T12:09:44.837+05:30  INFO 2530856 --- [auth-service] [nio-8081-exec-8] com.auth.layer.security.JwtAuthFilter    : 🔍 JwtAuthFilter triggered for URI:
2025-11-10T12:09:44.837+05:30 DEBUG 2530856 --- [auth-service] [nio-8081-exec-8] o.s.s.w.a.AnonymousAuthenticationFilter  : Set SecurityContextHolder to anonymous SecurityContext
2025-11-10T12:09:44.838+05:30 DEBUG 2530856 --- [auth-service] [nio-8081-exec-8] o.s.security.web.FilterChainProxy        : Secured GET /swagger-ui/favicon-32x32.png
2025-11-10T12:09:44.859+05:30 DEBUG 2530856 --- [auth-service] [nio-8081-exec-9] o.s.security.web.FilterChainProxy        : Securing GET /v3/api-docs
2025-11-10T12:09:44.859+05:30  INFO 2530856 --- [auth-service] [nio-8081-exec-9] com.auth.layer.security.JwtAuthFilter    : 🔍 JwtAuthFilter triggered for URI:
2025-11-10T12:09:44.859+05:30 DEBUG 2530856 --- [auth-service] [nio-8081-exec-9] o.s.s.w.a.AnonymousAuthenticationFilter  : Set SecurityContextHolder to anonymous SecurityContext
2025-11-10T12:09:44.860+05:30 DEBUG 2530856 --- [auth-service] [nio-8081-exec-9] o.s.security.web.FilterChainProxy        : Secured GET /v3/api-docs
2025-11-10T12:09:45.035+05:30  INFO 2530856 --- [auth-service] [nio-8081-exec-9] o.springdoc.api.AbstractOpenApiResource  : Init duration for springdoc-openapi is: 167 ms
2025-11-10T12:09:49.754+05:30 DEBUG 2530856 --- [auth-service] [io-8081-exec-10] o.s.security.web.FilterChainProxy        : Securing HEAD /swagger-ui/index.html
2025-11-10T12:09:49.754+05:30  INFO 2530856 --- [auth-service] [io-8081-exec-10] com.auth.layer.security.JwtAuthFilter    : 🔍 JwtAuthFilter triggered for URI:
2025-11-10T12:09:49.754+05:30 DEBUG 2530856 --- [auth-service] [io-8081-exec-10] o.s.s.w.a.AnonymousAuthenticationFilter  : Set SecurityContextHolder to anonymous SecurityContext
2025-11-10T12:09:49.755+05:30 DEBUG 2530856 --- [auth-service] [io-8081-exec-10] o.s.security.web.FilterChainProxy        : Secured HEAD /swagger-ui/index.html
2025-11-10T12:09:53.671+05:30 DEBUG 2530856 --- [auth-service] [nio-8081-exec-2] o.s.security.web.FilterChainProxy        : Securing GET /swagger-ui/index.html?id=4aa6047c-c765-492e-8f4c-f0a9dfffa94f&vscodeBrowserReqId=1762756793667
2025-11-10T12:09:53.671+05:30  INFO 2530856 --- [auth-service] [nio-8081-exec-2] com.auth.layer.security.JwtAuthFilter    : 🔍 JwtAuthFilter triggered for URI:
2025-11-10T12:09:53.671+05:30 DEBUG 2530856 --- [auth-service] [nio-8081-exec-2] o.s.s.w.a.AnonymousAuthenticationFilter  : Set SecurityContextHolder to anonymous SecurityContext
2025-11-10T12:09:53.672+05:30 DEBUG 2530856 --- [auth-service] [nio-8081-exec-2] o.s.security.web.FilterChainProxy        : Secured GET /swagger-ui/index.html?id=4aa6047c-c765-492e-8f4c-f0a9dfffa94f&vscodeBrowserReqId=1762756793667
